<?xml version="1.0" encoding="utf-8"?>
<TestRun id="0b190c9b-ee63-4245-b082-f77196f5ad5d" name="HP@DESKTOP-R68A81K 2026-04-18 12:30:12" runUser="DESKTOP-R68A81K\HP" xmlns="http://microsoft.com/schemas/VisualStudio/TeamTest/2010">
  <Times creation="2026-04-18T12:30:12.2925180+01:00" queuing="2026-04-18T12:30:12.2925183+01:00" start="2026-04-18T12:30:05.3550695+01:00" finish="2026-04-18T12:30:12.3038584+01:00" />
  <TestSettings name="default" id="f8aea722-acc0-463e-a16a-303ba8f965ea">
    <Deployment runDeploymentRoot="HP_DESKTOP-R68A81K_2026-04-18_12_30_12" />
  </TestSettings>
  <Results>
    <UnitTestResult executionId="9c135733-0fbe-403c-9bf1-a882165aab77" testId="db1e0756-f4de-2a4c-7158-fccb11f5e183" testName="Whycespace.Tests.Integration.EconomicSystem.Phase2Validation.Phase2SeedingValidationTests.S2_Seed_Is_Reproducible_Across_Runs" computerName="DESKTOP-R68A81K" duration="00:00:00.8520969" startTime="2026-04-18T12:30:11.6815305+01:00" endTime="2026-04-18T12:30:11.6816093+01:00" testType="13cdc9d9-ddb5-4fa4-a97d-d965ccfc6d4b" outcome="Passed" testListId="8c84fa94-04c1-424b-9868-57a2d4851a1d" relativeResultsDirectory="9c135733-0fbe-403c-9bf1-a882165aab77" />
    <UnitTestResult executionId="b321a22e-4f9c-4d95-a13c-d1b971545d6f" testId="e7dc00d1-9cb4-437a-886f-e9069a727575" testName="Whycespace.Tests.Integration.EconomicSystem.Phase2Validation.Phase2SeedingValidationTests.S1_Seed_1000_Aggregates_All_Persist_Exactly_Once" computerName="DESKTOP-R68A81K" duration="00:00:00.4779915" startTime="2026-04-18T12:30:12.1653618+01:00" endTime="2026-04-18T12:30:12.1653624+01:00" testType="13cdc9d9-ddb5-4fa4-a97d-d965ccfc6d4b" outcome="Passed" testListId="8c84fa94-04c1-424b-9868-57a2d4851a1d" relativeResultsDirectory="b321a22e-4f9c-4d95-a13c-d1b971545d6f" />
    <UnitTestResult executionId="b6fcb8cf-4656-4b2e-9e51-bd8eb975f3c1" testId="14bcf5d8-8c14-5793-60a5-d95e8a309f6f" testName="Whycespace.Tests.Integration.EconomicSystem.Phase2Validation.Phase2SeedingValidationTests.S3_Seed_Has_No_Duplicates" computerName="DESKTOP-R68A81K" duration="00:00:00.0069684" startTime="2026-04-18T12:30:11.6896009+01:00" endTime="2026-04-18T12:30:11.6896010+01:00" testType="13cdc9d9-ddb5-4fa4-a97d-d965ccfc6d4b" outcome="Passed" testListId="8c84fa94-04c1-424b-9868-57a2d4851a1d" relativeResultsDirectory="b6fcb8cf-4656-4b2e-9e51-bd8eb975f3c1" />
  </Results>
  <TestDefinitions>
    <UnitTest name="Whycespace.Tests.Integration.EconomicSystem.Phase2Validation.Phase2SeedingValidationTests.S3_Seed_Has_No_Duplicates" storage="c:\projects\dev\v5\tests\integration\bin\debug\net10.0\whycespace.tests.integration.dll" id="14bcf5d8-8c14-5793-60a5-d95e8a309f6f">
      <Execution id="b6fcb8cf-4656-4b2e-9e51-bd8eb975f3c1" />
      <TestMethod codeBase="C:\projects\dev\v5\tests\integration\bin\Debug\net10.0\Whycespace.Tests.Integration.dll" adapterTypeName="executor://xunit/VsTestRunner2/netcoreapp" className="Whycespace.Tests.Integration.EconomicSystem.Phase2Validation.Phase2SeedingValidationTests" name="S3_Seed_Has_No_Duplicates" />
    </UnitTest>
    <UnitTest name="Whycespace.Tests.Integration.EconomicSystem.Phase2Validation.Phase2SeedingValidationTests.S2_Seed_Is_Reproducible_Across_Runs" storage="c:\projects\dev\v5\tests\integration\bin\debug\net10.0\whycespace.tests.integration.dll" id="db1e0756-f4de-2a4c-7158-fccb11f5e183">
      <Execution id="9c135733-0fbe-403c-9bf1-a882165aab77" />
      <TestMethod codeBase="C:\projects\dev\v5\tests\integration\bin\Debug\net10.0\Whycespace.Tests.Integration.dll" adapterTypeName="executor://xunit/VsTestRunner2/netcoreapp" className="Whycespace.Tests.Integration.EconomicSystem.Phase2Validation.Phase2SeedingValidationTests" name="S2_Seed_Is_Reproducible_Across_Runs" />
    </UnitTest>
    <UnitTest name="Whycespace.Tests.Integration.EconomicSystem.Phase2Validation.Phase2SeedingValidationTests.S1_Seed_1000_Aggregates_All_Persist_Exactly_Once" storage="c:\projects\dev\v5\tests\integration\bin\debug\net10.0\whycespace.tests.integration.dll" id="e7dc00d1-9cb4-437a-886f-e9069a727575">
      <Execution id="b321a22e-4f9c-4d95-a13c-d1b971545d6f" />
      <TestMethod codeBase="C:\projects\dev\v5\tests\integration\bin\Debug\net10.0\Whycespace.Tests.Integration.dll" adapterTypeName="executor://xunit/VsTestRunner2/netcoreapp" className="Whycespace.Tests.Integration.EconomicSystem.Phase2Validation.Phase2SeedingValidationTests" name="S1_Seed_1000_Aggregates_All_Persist_Exactly_Once" />
    </UnitTest>
  </TestDefinitions>
  <TestEntries>
    <TestEntry testId="db1e0756-f4de-2a4c-7158-fccb11f5e183" executionId="9c135733-0fbe-403c-9bf1-a882165aab77" testListId="8c84fa94-04c1-424b-9868-57a2d4851a1d" />
    <TestEntry testId="e7dc00d1-9cb4-437a-886f-e9069a727575" executionId="b321a22e-4f9c-4d95-a13c-d1b971545d6f" testListId="8c84fa94-04c1-424b-9868-57a2d4851a1d" />
    <TestEntry testId="14bcf5d8-8c14-5793-60a5-d95e8a309f6f" executionId="b6fcb8cf-4656-4b2e-9e51-bd8eb975f3c1" testListId="8c84fa94-04c1-424b-9868-57a2d4851a1d" />
  </TestEntries>
  <TestLists>
    <TestList name="Results Not in a List" id="8c84fa94-04c1-424b-9868-57a2d4851a1d" />
    <TestList name="All Loaded Results" id="19431567-8539-422a-85d7-44ee4e166bda" />
  </TestLists>
  <ResultSummary outcome="Completed">
    <Counters total="3" executed="3" passed="3" failed="0" error="0" timeout="0" aborted="0" inconclusive="0" passedButRunAborted="0" notRunnable="0" notExecuted="0" disconnected="0" warning="0" completed="0" inProgress="0" pending="0" />
    <Output>
      <StdOut>[xUnit.net 00:00:00.00] xUnit.net VSTest Adapter v2.8.2+699d445a1a (64-bit .NET 10.0.3)&#xD;
[xUnit.net 00:00:03.19]   Discovering: Whycespace.Tests.Integration&#xD;
[xUnit.net 00:00:03.34]   Discovered:  Whycespace.Tests.Integration&#xD;
[xUnit.net 00:00:03.36]   Starting:    Whycespace.Tests.Integration&#xD;
[xUnit.net 00:00:04.79]   Finished:    Whycespace.Tests.Integration&#xD;
</StdOut>
    </Output>
  </ResultSummary>
</TestRun>